<?xml version="1.0" encoding="UTF-8"?>
<!-- Generated by org.testng.reporters.JUnitXMLReporter -->
<testsuite ignored="0" hostname="DESKTOP-88SEI6R" failures="0" tests="8" name="Test" time="15.867" errors="0" timestamp="2024-08-23T21:36:21 IST">
  <testcase classname="testCases.TC_001_LoginTest" name="verify_login_valid_credentials" time="3.813"/>
  <testcase classname="testCases.TC_001_LoginTest" name="verify_login_invalid_credentials" time="1.093"/>
  <testcase classname="testCases.TC_001_LoginTest" name="verify_login_invalid_username" time="1.552"/>
  <testcase classname="testCases.TC_001_LoginTest" name="verify_login_invalid_password" time="1.431"/>
  <testcase classname="testCases.TC_001_LoginTest" name="verify_login_empty_data" time="0.831"/>
  <testcase classname="testCases.TC_001_LoginTest" name="verify_login_empty_username" time="0.705"/>
  <testcase classname="testCases.TC_001_LoginTest" name="verify_login_empty_pswd" time="0.743"/>
  <testcase classname="testCases.TC_001_LoginTest" name="verify_login_space_data" time="0.73"/>
</testsuite> <!-- Test -->
